[log] 2021/04/27 11:20:55 Исходный файл: links.txt.
[log] 2021/04/27 11:20:55 Значения флагов: 
	-url='links.txt'
	-directory='resultTest/'
[log] 2021/04/27 11:20:55 Файл успешно открыт.
[log] 2021/04/27 11:20:55 Данные были успешно считаны.
[log] 2021/04/27 11:20:55 Количество считанных символов: 64.
[log] 2021/04/27 11:20:55 GET-запрос по адресу: 'http://google.com' успешен.
[log] 2021/04/27 11:20:55 Файл: resultTest/google.com.html был успешно создан.
[log] 2021/04/27 11:20:56 GET-запрос по адресу: 'http://yandex.ru' успешен.
[log] 2021/04/27 11:20:56 Файл: resultTest/yandex.ru.html был успешно создан.
[log] 2021/04/27 11:20:56 GET-запрос по адресу: 'https://learn.javascript.ru/' успешен.
[log] 2021/04/27 11:20:56 Файл: resultTest/learn.javascript.ru.html был успешно создан.
[log] 2021/04/27 11:20:56 Выполнение программы завершено. 
 ---------------------------------------
[log] 2021/04/27 11:21:18 Исходный файл: linksTest.txt.
[log] 2021/04/27 11:21:18 Значения флагов: 
	-url='linksTest.txt'
	-directory='resultTest/'
[log] 2021/04/27 11:21:18 Файл успешно открыт.
[log] 2021/04/27 11:21:18 Данные были успешно считаны.
[log] 2021/04/27 11:21:18 Количество считанных символов: 42.
[log] 2021/04/27 11:21:18 GET-запрос по адресу: 'https://golang.org/' успешен.
[log] 2021/04/27 11:21:18 Файл: resultTest/golang.org.html был успешно создан.
[log] 2021/04/27 11:21:19 GET-запрос по адресу: 'https://www.bing.com/' успешен.
[log] 2021/04/27 11:21:19 Файл: resultTest/www.bing.com.html был успешно создан.
[log] 2021/04/27 11:21:19 Выполнение программы завершено. 
 ---------------------------------------
[log] 2021/04/27 13:37:41 Исходный файл: linksTest.txt.
[log] 2021/04/27 13:37:41 Значения флагов: 
	-url='linksTest.txt'
	-directory='resultTest/'
[log] 2021/04/27 13:37:41 Файл успешно открыт.
[log] 2021/04/27 13:37:41 Данные были успешно считаны.
[log] 2021/04/27 13:37:41 Количество считанных символов: 42.
[log] 2021/04/27 13:37:41 GET-запрос по адресу: 'https://golang.org/' успешен.
[log] 2021/04/27 13:37:41 Файл: resultTest/golang.org.html был успешно создан.
[log] 2021/04/27 13:37:42 GET-запрос по адресу: 'https://www.bing.com/' успешен.
[log] 2021/04/27 13:37:42 Файл: resultTest/www.bing.com.html был успешно создан.
[log] 2021/04/27 13:37:42 Выполнение программы завершено. 
 ---------------------------------------
[log] 2021/04/27 13:43:32 Исходный файл: linksTest.txt.
[log] 2021/04/27 13:43:32 Значения флагов: 
	-url='linksTest.txt'
	-directory='resultTest/'
[log] 2021/04/27 13:43:32 Файл успешно открыт.
[log] 2021/04/27 13:43:32 Данные были успешно считаны.
[log] 2021/04/27 13:43:32 Количество считанных символов: 42.
[log] 2021/04/27 13:43:33 GET-запрос по адресу: 'https://golang.org/' успешен.
[log] 2021/04/27 13:43:33 Файл: resultTest/golang.org.html был успешно создан.
[log] 2021/04/27 13:43:33 GET-запрос по адресу: 'https://www.bing.com/' успешен.
[log] 2021/04/27 13:43:33 Файл: resultTest/www.bing.com.html был успешно создан.
[log] 2021/04/27 13:43:35 Время, затраченное на выполнение программы: 2.462520213s
[log] 2021/04/27 13:43:35 Выполнение программы завершено. 
 ---------------------------------------
[log] 2021/04/27 13:43:49 Исходный файл: linksTest.txt.
[log] 2021/04/27 13:43:49 Значения флагов: 
	-url='linksTest.txt'
	-directory='resultTest/'
[log] 2021/04/27 13:43:49 Файл успешно открыт.
[log] 2021/04/27 13:43:49 Данные были успешно считаны.
[log] 2021/04/27 13:43:49 Количество считанных символов: 42.
[log] 2021/04/27 13:43:50 GET-запрос по адресу: 'https://golang.org/' успешен.
[log] 2021/04/27 13:43:50 Файл: resultTest/golang.org.html был успешно создан.
[log] 2021/04/27 13:43:50 GET-запрос по адресу: 'https://www.bing.com/' успешен.
[log] 2021/04/27 13:43:50 Файл: resultTest/www.bing.com.html был успешно создан.
[log] 2021/04/27 13:43:50 Время, затраченное на выполнение программы: 817.776536ms
[log] 2021/04/27 13:43:50 Выполнение программы завершено.
---------------------------------------
[log] 2021/04/27 13:47:08 Исходный файл: linksTest.txt.
[log] 2021/04/27 13:47:08 Значения флагов: 
	-url='linksTest.txt'
	-directory='resultTest/'
[log] 2021/04/27 13:47:08 Файл успешно открыт.
[log] 2021/04/27 13:47:08 Данные были успешно считаны.
[log] 2021/04/27 13:47:08 Количество считанных символов: 42.
[log] 2021/04/27 13:47:08 GET-запрос по адресу: 'https://golang.org/' успешен.
[log] 2021/04/27 13:47:08 Файл: resultTest/golang.org.html был успешно создан.
[log] 2021/04/27 13:47:09 GET-запрос по адресу: 'https://www.bing.com/' успешен.
[log] 2021/04/27 13:47:09 Файл: resultTest/www.bing.com.html был успешно создан.
[log] 2021/04/27 13:47:09 Время, затраченное на выполнение программы: 1.057407714s
[log] 2021/04/27 13:47:09 Выполнение программы завершено.
---------------------------------------
[log] 2021/04/27 13:47:35 Исходный файл: linksTest.txt.
[log] 2021/04/27 13:47:35 Значения флагов: 
	-url='linksTest.txt'
	-directory='resultTest/'
[log] 2021/04/27 13:47:35 Файл успешно открыт.
[log] 2021/04/27 13:47:35 Данные были успешно считаны.
[log] 2021/04/27 13:47:35 Количество считанных символов: 42.
[log] 2021/04/27 13:47:35 Время, затраченное на выполнение программы: 265.476µs
[log] 2021/04/27 13:47:35 Выполнение программы завершено.
---------------------------------------
[log] 2021/04/27 13:48:49 Исходный файл: linksTest.txt.
[log] 2021/04/27 13:48:49 Значения флагов: 
	-url='linksTest.txt'
	-directory='resultTest/'
[log] 2021/04/27 13:48:49 Файл успешно открыт.
[log] 2021/04/27 13:48:49 Данные были успешно считаны.
[log] 2021/04/27 13:48:49 Количество считанных символов: 42.
[log] 2021/04/27 13:48:50 GET-запрос по адресу: 'https://golang.org/' успешен.
[log] 2021/04/27 13:48:50 Файл: resultTest/golang.org.html был успешно создан.
[log] 2021/04/27 13:48:50 GET-запрос по адресу: 'https://www.bing.com/' успешен.
[log] 2021/04/27 13:48:50 Файл: resultTest/www.bing.com.html был успешно создан.
[log] 2021/04/27 13:48:50 Время, затраченное на выполнение программы: 1.000305597s
[log] 2021/04/27 13:48:50 Выполнение программы завершено.
---------------------------------------
[log] 2021/04/27 13:50:31 Исходный файл: linksTest.txt.
[log] 2021/04/27 13:50:31 Значения флагов: 
	-url='linksTest.txt'
	-directory='resultTest/'
[log] 2021/04/27 13:50:31 Файл успешно открыт.
[log] 2021/04/27 13:50:31 Данные были успешно считаны.
[log] 2021/04/27 13:50:31 Количество считанных символов: 42.
[log] 2021/04/27 13:50:31 Время, затраченное на выполнение программы: 153.265µs
[log] 2021/04/27 13:50:31 Выполнение программы завершено.
---------------------------------------
[log] 2021/04/27 13:52:58 Исходный файл: linksTest.txt.
[log] 2021/04/27 13:52:58 Значения флагов: 
	-url='linksTest.txt'
	-directory='resultTest/'
[log] 2021/04/27 13:52:58 Файл успешно открыт.
[log] 2021/04/27 13:52:58 Данные были успешно считаны.
[log] 2021/04/27 13:52:58 Количество считанных символов: 42.
[log] 2021/04/27 13:52:58 Время, затраченное на выполнение программы: 264.875µs
[log] 2021/04/27 13:52:58 Выполнение программы завершено.
---------------------------------------
[log] 2021/04/27 13:54:09 Исходный файл: linksTest.txt.
[log] 2021/04/27 13:54:09 Значения флагов: 
	-url='linksTest.txt'
	-directory='resultTest/'
[log] 2021/04/27 13:54:09 Файл успешно открыт.
[log] 2021/04/27 13:54:09 Данные были успешно считаны.
[log] 2021/04/27 13:54:09 Количество считанных символов: 42.
[log] 2021/04/27 13:54:09 Время, затраченное на выполнение программы: 140.614µs
[log] 2021/04/27 13:54:09 Выполнение программы завершено.
---------------------------------------
[log] 2021/04/27 13:54:17 Исходный файл: linksTest.txt.
[log] 2021/04/27 13:54:17 Значения флагов: 
	-url='linksTest.txt'
	-directory='resultTest/'
[log] 2021/04/27 13:54:17 Файл успешно открыт.
[log] 2021/04/27 13:54:17 Данные были успешно считаны.
[log] 2021/04/27 13:54:17 Количество считанных символов: 42.
[log] 2021/04/27 13:54:17 Время, затраченное на выполнение программы: 1.480167ms
[log] 2021/04/27 13:54:17 Выполнение программы завершено.
---------------------------------------
[log] 2021/04/27 13:54:29 Исходный файл: linksTest.txt.
[log] 2021/04/27 13:54:29 Значения флагов: 
	-url='linksTest.txt'
	-directory='resultTest/'
[log] 2021/04/27 13:54:29 Файл успешно открыт.
[log] 2021/04/27 13:54:29 Данные были успешно считаны.
[log] 2021/04/27 13:54:29 Количество считанных символов: 42.
[log] 2021/04/27 13:54:29 Время, затраченное на выполнение программы: 253.994µs
[log] 2021/04/27 13:54:29 Выполнение программы завершено.
---------------------------------------
[log] 2021/04/27 13:55:00 Исходный файл: linksTest.txt.
[log] 2021/04/27 13:55:00 Значения флагов: 
	-url='linksTest.txt'
	-directory='resultTest/'
[log] 2021/04/27 13:55:00 Файл успешно открыт.
[log] 2021/04/27 13:55:00 Данные были успешно считаны.
[log] 2021/04/27 13:55:00 Количество считанных символов: 42.
[log] 2021/04/27 13:55:00 GET-запрос по адресу: 'https://golang.org/' успешен.
[log] 2021/04/27 13:55:00 Файл: resultTest/golang.org.html был успешно создан.
[log] 2021/04/27 13:55:00 GET-запрос по адресу: 'https://www.bing.com/' успешен.
[log] 2021/04/27 13:55:00 Файл: resultTest/www.bing.com.html был успешно создан.
[log] 2021/04/27 13:55:02 Время, затраченное на выполнение программы: 2.000359586s
[log] 2021/04/27 13:55:02 Выполнение программы завершено.
---------------------------------------
[log] 2021/04/27 13:55:11 Исходный файл: linksTest.txt.
[log] 2021/04/27 13:55:11 Значения флагов: 
	-url='linksTest.txt'
	-directory='resultTest/'
[log] 2021/04/27 13:55:11 Файл успешно открыт.
[log] 2021/04/27 13:55:11 Данные были успешно считаны.
[log] 2021/04/27 13:55:11 Количество считанных символов: 42.
[log] 2021/04/27 13:55:12 GET-запрос по адресу: 'https://golang.org/' успешен.
[log] 2021/04/27 13:55:12 Файл: resultTest/golang.org.html был успешно создан.
[log] 2021/04/27 13:55:12 GET-запрос по адресу: 'https://www.bing.com/' успешен.
[log] 2021/04/27 13:55:12 Файл: resultTest/www.bing.com.html был успешно создан.
[log] 2021/04/27 13:55:14 Время, затраченное на выполнение программы: 3.000451539s
[log] 2021/04/27 13:55:14 Выполнение программы завершено.
---------------------------------------
[log] 2021/04/27 13:56:56 Исходный файл: linksTest.txt.
[log] 2021/04/27 13:56:56 Значения флагов: 
	-url='linksTest.txt'
	-directory='resultTest/'
[log] 2021/04/27 13:56:56 Файл успешно открыт.
[log] 2021/04/27 13:56:56 Данные были успешно считаны.
[log] 2021/04/27 13:56:56 Количество считанных символов: 42.
[log] 2021/04/27 13:56:56 GET-запрос по адресу: 'https://golang.org/' успешен.
[log] 2021/04/27 13:56:56 Файл: resultTest/golang.org.html был успешно создан.
[log] 2021/04/27 13:56:57 GET-запрос по адресу: 'https://www.bing.com/' успешен.
[log] 2021/04/27 13:56:57 Файл: resultTest/www.bing.com.html был успешно создан.
[log] 2021/04/27 13:56:58 Время, затраченное на выполнение программы: 2.000342249s
[log] 2021/04/27 13:56:58 Выполнение программы завершено.
---------------------------------------
[log] 2021/04/27 13:57:05 Исходный файл: linksTest.txt.
[log] 2021/04/27 13:57:05 Значения флагов: 
	-url='linksTest.txt'
	-directory='resultTest/'
[log] 2021/04/27 13:57:05 Файл успешно открыт.
[log] 2021/04/27 13:57:05 Данные были успешно считаны.
[log] 2021/04/27 13:57:05 Количество считанных символов: 42.
[log] 2021/04/27 13:57:05 GET-запрос по адресу: 'https://golang.org/' успешен.
[log] 2021/04/27 13:57:05 Файл: resultTest/golang.org.html был успешно создан.
[log] 2021/04/27 13:57:05 GET-запрос по адресу: 'https://www.bing.com/' успешен.
[log] 2021/04/27 13:57:05 Файл: resultTest/www.bing.com.html был успешно создан.
[log] 2021/04/27 13:57:06 Время, затраченное на выполнение программы: 1.000449599s
[log] 2021/04/27 13:57:06 Выполнение программы завершено.
---------------------------------------
[log] 2021/04/27 13:57:51 Исходный файл: linksTest.txt.
[log] 2021/04/27 13:57:51 Значения флагов: 
	-url='linksTest.txt'
	-directory='resultTest/'
[log] 2021/04/27 13:57:51 Файл успешно открыт.
[log] 2021/04/27 13:57:51 Данные были успешно считаны.
[log] 2021/04/27 13:57:51 Количество считанных символов: 42.
[log] 2021/04/27 13:57:52 GET-запрос по адресу: 'https://golang.org/' успешен.
[log] 2021/04/27 13:57:52 Файл: resultTest/golang.org.html был успешно создан.
[log] 2021/04/27 13:57:52 GET-запрос по адресу: 'https://www.bing.com/' успешен.
[log] 2021/04/27 13:57:52 Файл: resultTest/www.bing.com.html был успешно создан.
[log] 2021/04/27 13:57:52 Время, затраченное на выполнение программы: 1.000438163s
[log] 2021/04/27 13:57:52 Выполнение программы завершено.
---------------------------------------
[log] 2021/04/27 13:58:55 Исходный файл: linksTest.txt.
[log] 2021/04/27 13:58:55 Значения флагов: 
	-url='linksTest.txt'
	-directory='resultTest/'
[log] 2021/04/27 13:58:55 Файл успешно открыт.
[log] 2021/04/27 13:58:55 Данные были успешно считаны.
[log] 2021/04/27 13:58:55 Количество считанных символов: 88.
[log] 2021/04/27 13:58:55 GET-запрос по адресу: 'https://golang.org/' успешен.
[log] 2021/04/27 13:58:55 Файл: resultTest/golang.org.html был успешно создан.
[log] 2021/04/27 13:58:55 GET-запрос по адресу: 'https://www.microsoft.com/ru-ru/microsoft-365' успешен.
[log] 2021/04/27 13:58:55 Ошибка при создании файла.resultTest/www.microsoft.com/ru-ru/microsoft-365.html
[log] 2021/04/27 13:58:56 GET-запрос по адресу: 'https://www.bing.com/' успешен.
[log] 2021/04/27 13:58:56 Файл: resultTest/www.bing.com.html был успешно создан.
[log] 2021/04/27 13:58:56 Количество ошибок при выполнении: 1.
[log] 2021/04/27 13:58:56 Время, затраченное на выполнение программы: 1.000419099s
[log] 2021/04/27 13:58:56 Выполнение программы завершено.
---------------------------------------
[log] 2021/04/27 13:59:43 Исходный файл: linksTest.txt.
[log] 2021/04/27 13:59:43 Значения флагов: 
	-url='linksTest.txt'
	-directory='resultTest/'
[log] 2021/04/27 13:59:43 Файл успешно открыт.
[log] 2021/04/27 13:59:43 Данные были успешно считаны.
[log] 2021/04/27 13:59:43 Количество считанных символов: 68.
[log] 2021/04/27 13:59:44 GET-запрос по адресу: 'https://golang.org/' успешен.
[log] 2021/04/27 13:59:44 Файл: resultTest/golang.org.html был успешно создан.
[log] 2021/04/27 13:59:44 GET-запрос по адресу: 'https://www.microsoft.com' успешен.
[log] 2021/04/27 13:59:44 Файл: resultTest/www.microsoft.com.html был успешно создан.
[log] 2021/04/27 13:59:44 GET-запрос по адресу: 'https://www.bing.com/' успешен.
[log] 2021/04/27 13:59:44 Файл: resultTest/www.bing.com.html был успешно создан.
[log] 2021/04/27 13:59:44 Время, затраченное на выполнение программы: 1.000522273s
[log] 2021/04/27 13:59:44 Выполнение программы завершено.
---------------------------------------
[log] 2021/04/27 14:07:00 Исходный файл: linksTest.txt.
[log] 2021/04/27 14:07:00 Значения флагов: 
	-url='linksTest.txt'
	-directory='resultTest/'
[log] 2021/04/27 14:07:00 Файл успешно открыт.
[log] 2021/04/27 14:07:00 Данные были успешно считаны.
[log] 2021/04/27 14:07:00 Количество считанных символов: 68.
[log] 2021/04/27 14:07:00 GET-запрос по адресу: 'https://golang.org/' успешен.
[log] 2021/04/27 14:07:00 Файл: resultTest//.html был успешно создан.
[log] 2021/04/27 14:07:00 GET-запрос по адресу: 'https://www.microsoft.com' успешен.
[log] 2021/04/27 14:07:00 Файл: resultTest//www.microsoft.com.html был успешно создан.
[log] 2021/04/27 14:07:00 GET-запрос по адресу: 'https://www.bing.com/' успешен.
[log] 2021/04/27 14:07:00 Файл: resultTest//.html был успешно создан.
[log] 2021/04/27 14:07:01 Время, затраченное на выполнение программы: 1.000354859s
[log] 2021/04/27 14:07:01 Выполнение программы завершено.
---------------------------------------
[log] 2021/04/27 14:09:09 Исходный файл: linksTest.txt.
[log] 2021/04/27 14:09:09 Значения флагов: 
	-url='linksTest.txt'
	-directory='resultTest/'
[log] 2021/04/27 14:09:09 Файл успешно открыт.
[log] 2021/04/27 14:09:09 Данные были успешно считаны.
[log] 2021/04/27 14:09:09 Количество считанных символов: 68.
[log] 2021/04/27 14:09:09 GET-запрос по адресу: 'https://www.microsoft.com' успешен.
[log] 2021/04/27 14:09:09 Файл: resultTest//www.microsoft.com.html был успешно создан.
[log] 2021/04/27 14:09:09 GET-запрос по адресу: 'https://golang.org/' успешен.
[log] 2021/04/27 14:09:09 Файл: resultTest//golang.org.html был успешно создан.
[log] 2021/04/27 14:09:09 GET-запрос по адресу: 'https://www.bing.com/' успешен.
[log] 2021/04/27 14:09:09 Файл: resultTest//www.bing.com.html был успешно создан.
[log] 2021/04/27 14:09:10 Время, затраченное на выполнение программы: 1.000390133s
[log] 2021/04/27 14:09:10 Выполнение программы завершено.
---------------------------------------
[log] 2021/04/27 14:09:25 Исходный файл: linksTest.txt.
[log] 2021/04/27 14:09:25 Значения флагов: 
	-url='linksTest.txt'
	-directory='resultTest/'
[log] 2021/04/27 14:09:25 Файл успешно открыт.
[log] 2021/04/27 14:09:25 Данные были успешно считаны.
[log] 2021/04/27 14:09:25 Количество считанных символов: 68.
[log] 2021/04/27 14:09:25 GET-запрос по адресу: 'https://golang.org/' успешен.
[log] 2021/04/27 14:09:25 Файл: resultTest//golang.org.html был успешно создан.
[log] 2021/04/27 14:09:25 GET-запрос по адресу: 'https://www.microsoft.com' успешен.
[log] 2021/04/27 14:09:25 Файл: resultTest//www.microsoft.com.html был успешно создан.
[log] 2021/04/27 14:09:25 GET-запрос по адресу: 'https://www.bing.com/' успешен.
[log] 2021/04/27 14:09:25 Файл: resultTest//www.bing.com.html был успешно создан.
[log] 2021/04/27 14:09:26 Время, затраченное на выполнение программы: 1.000341433s
[log] 2021/04/27 14:09:26 Выполнение программы завершено.
---------------------------------------
[log] 2021/04/27 14:18:21 Исходный файл: linksTest.txt.
[log] 2021/04/27 14:18:21 Значения флагов: 
	-url='linksTest.txt'
	-directory='resultTest/'
[log] 2021/04/27 14:18:21 Файл успешно открыт.
[log] 2021/04/27 14:18:21 Данные были успешно считаны.
[log] 2021/04/27 14:18:21 Количество считанных символов: 68.
[log] 2021/04/27 14:18:22 GET-запрос по адресу: 'https://golang.org/' успешен.
[log] 2021/04/27 14:18:22 GET-запрос по адресу: 'https://www.microsoft.com' успешен.
[log] 2021/04/27 14:18:22 GET-запрос по адресу: 'https://www.bing.com/' успешен.
[log] 2021/04/27 14:18:22 Время, затраченное на выполнение программы: 1.000469796s
[log] 2021/04/27 14:18:22 Выполнение программы завершено.
---------------------------------------
[log] 2021/04/27 14:18:33 Исходный файл: linksTest.txt.
[log] 2021/04/27 14:18:33 Значения флагов: 
	-url='linksTest.txt'
	-directory='resultTest/'
[log] 2021/04/27 14:18:33 Файл успешно открыт.
[log] 2021/04/27 14:18:33 Данные были успешно считаны.
[log] 2021/04/27 14:18:33 Количество считанных символов: 68.
[log] 2021/04/27 14:18:33 Время, затраченное на выполнение программы: 139.94µs
[log] 2021/04/27 14:18:33 Выполнение программы завершено.
---------------------------------------
[log] 2021/04/27 14:27:11 Исходный файл: linksTest.txt.
[log] 2021/04/27 14:27:11 Значения флагов: 
	-url='linksTest.txt'
	-directory='resultTest/'
[log] 2021/04/27 14:27:11 Файл успешно открыт.
[log] 2021/04/27 14:27:11 Данные были успешно считаны.
[log] 2021/04/27 14:27:11 Количество считанных символов: 68.
[log] 2021/04/27 14:27:11 Время, затраченное на выполнение программы: 223.432µs
[log] 2021/04/27 14:27:11 Выполнение программы завершено.
---------------------------------------
[log] 2021/04/27 14:27:14 Исходный файл: linksTest.txt.
[log] 2021/04/27 14:27:14 Значения флагов: 
	-url='linksTest.txt'
	-directory='resultTest/'
[log] 2021/04/27 14:27:14 Файл успешно открыт.
[log] 2021/04/27 14:27:14 Данные были успешно считаны.
[log] 2021/04/27 14:27:14 Количество считанных символов: 68.
[log] 2021/04/27 14:27:14 Время, затраченное на выполнение программы: 255.52µs
[log] 2021/04/27 14:27:14 Выполнение программы завершено.
---------------------------------------
[log] 2021/04/27 14:30:19 Исходный файл: linksTest.txt.
[log] 2021/04/27 14:30:19 Значения флагов: 
	-url='linksTest.txt'
	-directory='resultTest/'
[log] 2021/04/27 14:30:19 Файл успешно открыт.
[log] 2021/04/27 14:30:19 Данные были успешно считаны.
[log] 2021/04/27 14:30:19 Количество считанных символов: 68.
[log] 2021/04/27 14:30:19 Время, затраченное на выполнение программы: 264.288µs
[log] 2021/04/27 14:30:19 Выполнение программы завершено.
---------------------------------------
[log] 2021/04/27 14:34:22 Исходный файл: linksTest.txt.
[log] 2021/04/27 14:34:22 Значения флагов: 
	-url='linksTest.txt'
	-directory='resultTest/'
[log] 2021/04/27 14:34:22 Файл успешно открыт.
[log] 2021/04/27 14:34:22 Данные были успешно считаны.
[log] 2021/04/27 14:34:22 Количество считанных символов: 68.
[log] 2021/04/27 14:34:22 Время, затраченное на выполнение программы: 262.32µs
[log] 2021/04/27 14:34:22 Выполнение программы завершено.
---------------------------------------
[log] 2021/04/27 14:36:57 Исходный файл: linksTest.txt.
[log] 2021/04/27 14:36:57 Значения флагов: 
	-url='linksTest.txt'
	-directory='resultTest/'
[log] 2021/04/27 14:36:57 Файл успешно открыт.
[log] 2021/04/27 14:36:57 Данные были успешно считаны.
[log] 2021/04/27 14:36:57 Количество считанных символов: 68.
[log] 2021/04/27 14:36:57 Время, затраченное на выполнение программы: 140.946µs
[log] 2021/04/27 14:36:57 Выполнение программы завершено.
---------------------------------------
[log] 2021/04/27 14:37:11 Исходный файл: linksTest.txt.
[log] 2021/04/27 14:37:11 Значения флагов: 
	-url='linksTest.txt'
	-directory='resultTest/'
[log] 2021/04/27 14:37:11 Файл успешно открыт.
[log] 2021/04/27 14:37:11 Данные были успешно считаны.
[log] 2021/04/27 14:37:11 Количество считанных символов: 68.
[log] 2021/04/27 14:37:11 Время, затраченное на выполнение программы: 215.443µs
[log] 2021/04/27 14:37:11 Выполнение программы завершено.
---------------------------------------
[log] 2021/04/27 14:37:58 Исходный файл: linksTest.txt.
[log] 2021/04/27 14:37:58 Значения флагов: 
	-url='linksTest.txt'
	-directory='resultTest/'
[log] 2021/04/27 14:37:58 Файл успешно открыт.
[log] 2021/04/27 14:37:58 Данные были успешно считаны.
[log] 2021/04/27 14:37:58 Количество считанных символов: 68.
[log] 2021/04/27 14:37:59 GET-запрос по адресу: 'https://golang.org/' успешен.
[log] 2021/04/27 14:37:59 Файл: resultTest//golang.org.html был успешно создан.
[log] 2021/04/27 14:40:31 Исходный файл: linksTest.txt.
[log] 2021/04/27 14:40:31 Значения флагов: 
	-url='linksTest.txt'
	-directory='resultTest/'
[log] 2021/04/27 14:40:31 Файл успешно открыт.
[log] 2021/04/27 14:40:31 Данные были успешно считаны.
[log] 2021/04/27 14:40:31 Количество считанных символов: 68.
[log] 2021/04/27 14:40:32 GET-запрос по адресу: 'https://golang.org/' успешен.
[log] 2021/04/27 14:40:32 Файл: resultTest//golang.org.html был успешно создан.
[log] 2021/04/27 14:40:32 Время, затраченное на выполнение программы: 371.018719ms
[log] 2021/04/27 14:40:32 Выполнение программы завершено.
---------------------------------------
[log] 2021/04/27 14:41:15 Исходный файл: linksTest.txt.
[log] 2021/04/27 14:41:15 Значения флагов: 
	-url='linksTest.txt'
	-directory='resultTest/'
[log] 2021/04/27 14:41:15 Файл успешно открыт.
[log] 2021/04/27 14:41:15 Данные были успешно считаны.
[log] 2021/04/27 14:41:15 Количество считанных символов: 68.
[log] 2021/04/27 14:41:16 GET-запрос по адресу: 'https://golang.org/' успешен.
[log] 2021/04/27 14:41:16 Файл: resultTest//golang.org.html был успешно создан.
[log] 2021/04/27 14:43:20 Исходный файл: linksTest.txt.
[log] 2021/04/27 14:43:20 Значения флагов: 
	-url='linksTest.txt'
	-directory='resultTest/'
[log] 2021/04/27 14:43:20 Файл успешно открыт.
[log] 2021/04/27 14:43:20 Данные были успешно считаны.
[log] 2021/04/27 14:43:20 Количество считанных символов: 68.
[log] 2021/04/27 14:43:20 Время, затраченное на выполнение программы: 199.229µs
[log] 2021/04/27 14:43:20 Выполнение программы завершено.
---------------------------------------
[log] 2021/04/27 14:44:07 Исходный файл: linksTest.txt.
[log] 2021/04/27 14:44:07 Значения флагов: 
	-url='linksTest.txt'
	-directory='resultTest/'
[log] 2021/04/27 14:44:07 Файл успешно открыт.
[log] 2021/04/27 14:44:07 Данные были успешно считаны.
[log] 2021/04/27 14:44:07 Количество считанных символов: 68.
[log] 2021/04/27 14:44:08 GET-запрос по адресу: 'https://golang.org/' успешен.
[log] 2021/04/27 14:44:08 Файл: resultTest//golang.org.html был успешно создан.
[log] 2021/04/27 14:44:08 GET-запрос по адресу: 'https://www.microsoft.com' успешен.
[log] 2021/04/27 14:44:08 Файл: resultTest//www.microsoft.com.html был успешно создан.
[log] 2021/04/27 14:44:08 Время, затраченное на выполнение программы: 445.638017ms
[log] 2021/04/27 14:44:08 Выполнение программы завершено.
---------------------------------------
[log] 2021/04/27 14:44:31 Исходный файл: linksTest.txt.
[log] 2021/04/27 14:44:31 Значения флагов: 
	-url='linksTest.txt'
	-directory='resultTest/'
[log] 2021/04/27 14:44:31 Файл успешно открыт.
[log] 2021/04/27 14:44:31 Данные были успешно считаны.
[log] 2021/04/27 14:44:31 Количество считанных символов: 68.
[log] 2021/04/27 14:44:31 GET-запрос по адресу: 'https://golang.org/' успешен.
[log] 2021/04/27 14:44:31 Файл: resultTest//golang.org.html был успешно создан.
[log] 2021/04/27 14:44:31 GET-запрос по адресу: 'https://www.microsoft.com' успешен.
[log] 2021/04/27 14:44:31 Файл: resultTest//www.microsoft.com.html был успешно создан.
[log] 2021/04/27 14:44:31 GET-запрос по адресу: 'https://www.bing.com/' успешен.
[log] 2021/04/27 14:44:31 Файл: resultTest//www.bing.com.html был успешно создан.
[log] 2021/04/27 14:44:31 Время, затраченное на выполнение программы: 553.857995ms
[log] 2021/04/27 14:44:31 Выполнение программы завершено.
---------------------------------------
[log] 2021/04/27 14:44:39 Исходный файл: linksTest.txt.
[log] 2021/04/27 14:44:39 Значения флагов: 
	-url='linksTest.txt'
	-directory='resultTest/'
[log] 2021/04/27 14:44:39 Файл успешно открыт.
[log] 2021/04/27 14:44:39 Данные были успешно считаны.
[log] 2021/04/27 14:44:39 Количество считанных символов: 68.
[log] 2021/04/27 14:44:39 GET-запрос по адресу: 'https://www.microsoft.com' успешен.
[log] 2021/04/27 14:44:39 Файл: resultTest//www.microsoft.com.html был успешно создан.
[log] 2021/04/27 14:44:39 GET-запрос по адресу: 'https://golang.org/' успешен.
[log] 2021/04/27 14:44:39 Файл: resultTest//golang.org.html был успешно создан.
[log] 2021/04/27 14:44:39 GET-запрос по адресу: 'https://www.bing.com/' успешен.
[log] 2021/04/27 14:44:39 Файл: resultTest//www.bing.com.html был успешно создан.
[log] 2021/04/27 14:44:39 Время, затраченное на выполнение программы: 641.572326ms
[log] 2021/04/27 14:44:39 Выполнение программы завершено.
---------------------------------------
[log] 2021/04/27 14:44:41 Исходный файл: linksTest.txt.
[log] 2021/04/27 14:44:41 Значения флагов: 
	-url='linksTest.txt'
	-directory='resultTest/'
[log] 2021/04/27 14:44:41 Файл успешно открыт.
[log] 2021/04/27 14:44:41 Данные были успешно считаны.
[log] 2021/04/27 14:44:41 Количество считанных символов: 68.
[log] 2021/04/27 14:44:41 GET-запрос по адресу: 'https://www.microsoft.com' успешен.
[log] 2021/04/27 14:44:41 Файл: resultTest//www.microsoft.com.html был успешно создан.
[log] 2021/04/27 14:44:41 GET-запрос по адресу: 'https://golang.org/' успешен.
[log] 2021/04/27 14:44:41 Файл: resultTest//golang.org.html был успешно создан.
[log] 2021/04/27 14:44:42 GET-запрос по адресу: 'https://www.bing.com/' успешен.
[log] 2021/04/27 14:44:42 Файл: resultTest//www.bing.com.html был успешно создан.
[log] 2021/04/27 14:44:42 Время, затраченное на выполнение программы: 535.991559ms
[log] 2021/04/27 14:44:42 Выполнение программы завершено.
---------------------------------------
[log] 2021/04/27 14:44:55 Исходный файл: linksTest.txt.
[log] 2021/04/27 14:44:55 Значения флагов: 
	-url='linksTest.txt'
	-directory='resultTest/'
[log] 2021/04/27 14:44:55 Файл успешно открыт.
[log] 2021/04/27 14:44:55 Данные были успешно считаны.
[log] 2021/04/27 14:44:55 Количество считанных символов: 68.
[log] 2021/04/27 14:44:55 GET-запрос по адресу: 'https://golang.org/' успешен.
[log] 2021/04/27 14:44:55 Файл: resultTest//golang.org.html был успешно создан.
[log] 2021/04/27 14:44:55 GET-запрос по адресу: 'https://www.microsoft.com' успешен.
[log] 2021/04/27 14:44:55 Файл: resultTest//www.microsoft.com.html был успешно создан.
[log] 2021/04/27 14:44:55 GET-запрос по адресу: 'https://www.bing.com/' успешен.
[log] 2021/04/27 14:44:55 Файл: resultTest//www.bing.com.html был успешно создан.
[log] 2021/04/27 14:44:55 Время, затраченное на выполнение программы: 571.106706ms
[log] 2021/04/27 14:44:55 Выполнение программы завершено.
---------------------------------------
[log] 2021/04/27 14:48:18 Исходный файл: linksTest.txt.
[log] 2021/04/27 14:48:18 Значения флагов: 
	-url='linksTest.txt'
	-directory='resultTest/'
[log] 2021/04/27 14:48:18 Файл успешно открыт.
[log] 2021/04/27 14:48:18 Данные были успешно считаны.
[log] 2021/04/27 14:48:18 Количество считанных символов: 290.
[log] 2021/04/27 14:48:18 GET-запрос по адресу: 'https://golangs.org/goroutines' успешен.
[log] 2021/04/27 14:48:18 Файл: resultTest//goroutines.html был успешно создан.
[log] 2021/04/27 14:48:18 GET-запрос по адресу: 'https://tproger.ru/tag/javascript/' успешен.
[log] 2021/04/27 14:48:18 Файл: resultTest//javascript.html был успешно создан.
[log] 2021/04/27 14:48:18 GET-запрос по адресу: 'https://developer.mozilla.org/ru/docs/Learn/JavaScript' успешен.
[log] 2021/04/27 14:48:18 Файл: resultTest//JavaScript.html был успешно создан.
[log] 2021/04/27 14:48:18 GET-запрос по адресу: 'https://www.google.com/' успешен.
[log] 2021/04/27 14:48:18 Файл: resultTest//www.google.com.html был успешно создан.
[log] 2021/04/27 14:48:18 GET-запрос по адресу: 'https://learn.javascript.ru/' успешен.
[log] 2021/04/27 14:48:18 Файл: resultTest//learn.javascript.ru.html был успешно создан.
[log] 2021/04/27 14:48:18 GET-запрос по адресу: 'http://golang-book.ru/' успешен.
[log] 2021/04/27 14:48:18 Файл: resultTest//golang-book.ru.html был успешно создан.
[log] 2021/04/27 14:48:18 GET-запрос по адресу: 'https://tour.golang.org/' успешен.
[log] 2021/04/27 14:48:18 Файл: resultTest//tour.golang.org.html был успешно создан.
[log] 2021/04/27 14:48:18 GET-запрос по адресу: 'https://golang.org/' успешен.
[log] 2021/04/27 14:48:18 Файл: resultTest//golang.org.html был успешно создан.
[log] 2021/04/27 14:48:18 GET-запрос по адресу: 'https://www.microsoft.com' успешен.
[log] 2021/04/27 14:48:18 Файл: resultTest//www.microsoft.com.html был успешно создан.
[log] 2021/04/27 14:48:19 GET-запрос по адресу: 'https://www.bing.com/' успешен.
[log] 2021/04/27 14:48:19 Файл: resultTest//www.bing.com.html был успешно создан.
[log] 2021/04/27 14:48:19 Время, затраченное на выполнение программы: 631.083872ms
[log] 2021/04/27 14:48:19 Выполнение программы завершено.
---------------------------------------
[log] 2021/04/27 14:54:50 Исходный файл: linksTest.txt.
[log] 2021/04/27 14:54:50 Значения флагов: 
	-url='linksTest.txt'
	-directory='resultTest/'
[log] 2021/04/27 14:54:50 Файл успешно открыт.
[log] 2021/04/27 14:54:50 Данные были успешно считаны.
[log] 2021/04/27 14:54:50 Количество считанных символов: 290.
[log] 2021/04/27 14:54:51 GET-запрос по адресу: 'https://golangs.org/goroutines' успешен.
[log] 2021/04/27 14:54:51 Файл: resultTest//goroutines.html был успешно создан.
[log] 2021/04/27 14:54:51 GET-запрос по адресу: 'https://www.google.com/' успешен.
[log] 2021/04/27 14:54:51 Файл: resultTest//www.google.com.html был успешно создан.
[log] 2021/04/27 14:54:51 GET-запрос по адресу: 'https://learn.javascript.ru/' успешен.
[log] 2021/04/27 14:54:51 Файл: resultTest//learn.javascript.ru.html был успешно создан.
[log] 2021/04/27 14:54:51 GET-запрос по адресу: 'https://tproger.ru/tag/javascript/' успешен.
[log] 2021/04/27 14:54:51 Файл: resultTest//javascript.html был успешно создан.
[log] 2021/04/27 14:54:51 GET-запрос по адресу: 'http://golang-book.ru/' успешен.
[log] 2021/04/27 14:54:51 Файл: resultTest//golang-book.ru.html был успешно создан.
[log] 2021/04/27 14:54:51 GET-запрос по адресу: 'https://golang.org/' успешен.
[log] 2021/04/27 14:54:51 Файл: resultTest//golang.org.html был успешно создан.
[log] 2021/04/27 14:54:51 GET-запрос по адресу: 'https://developer.mozilla.org/ru/docs/Learn/JavaScript' успешен.
[log] 2021/04/27 14:54:51 Файл: resultTest//JavaScript.html был успешно создан.
[log] 2021/04/27 14:54:51 GET-запрос по адресу: 'https://tour.golang.org/' успешен.
[log] 2021/04/27 14:54:51 Файл: resultTest//tour.golang.org.html был успешно создан.
[log] 2021/04/27 14:54:51 GET-запрос по адресу: 'https://www.microsoft.com' успешен.
[log] 2021/04/27 14:54:51 Файл: resultTest//www.microsoft.com.html был успешно создан.
[log] 2021/04/27 14:54:51 GET-запрос по адресу: 'https://www.bing.com/' успешен.
[log] 2021/04/27 14:54:51 Файл: resultTest//www.bing.com.html был успешно создан.
[log] 2021/04/27 14:54:51 Время, затраченное на выполнение программы: 697.683087ms
[log] 2021/04/27 14:54:51 Выполнение программы завершено.
---------------------------------------
[log] 2021/04/27 15:06:32 Исходный файл: linksTest.txt.
[log] 2021/04/27 15:06:32 Значения флагов: 
	-url='linksTest.txt'
	-directory='resultTest/'
[log] 2021/04/27 15:06:32 Файл успешно открыт.
[log] 2021/04/27 15:06:32 Данные были успешно считаны.
[log] 2021/04/27 15:06:32 Количество считанных символов: 290.
[log] 2021/04/27 15:06:33 GET-запрос по адресу: 'https://golangs.org/goroutines' успешен.
[log] 2021/04/27 15:06:33 Файл: resultTest//goroutines.html был успешно создан.
[log] 2021/04/27 15:06:33 GET-запрос по адресу: 'https://www.google.com/' успешен.
[log] 2021/04/27 15:06:33 Файл: resultTest//www.google.com.html был успешно создан.
[log] 2021/04/27 15:06:33 GET-запрос по адресу: 'https://learn.javascript.ru/' успешен.
[log] 2021/04/27 15:06:33 Файл: resultTest//learn.javascript.ru.html был успешно создан.
[log] 2021/04/27 15:06:33 GET-запрос по адресу: 'http://golang-book.ru/' успешен.
[log] 2021/04/27 15:06:33 Файл: resultTest//golang-book.ru.html был успешно создан.
[log] 2021/04/27 15:06:33 GET-запрос по адресу: 'https://developer.mozilla.org/ru/docs/Learn/JavaScript' успешен.
[log] 2021/04/27 15:06:33 Файл: resultTest//JavaScript.html был успешно создан.
[log] 2021/04/27 15:06:33 GET-запрос по адресу: 'https://tour.golang.org/' успешен.
[log] 2021/04/27 15:06:33 Файл: resultTest//tour.golang.org.html был успешно создан.
[log] 2021/04/27 15:06:33 GET-запрос по адресу: 'https://golang.org/' успешен.
[log] 2021/04/27 15:06:33 Файл: resultTest//golang.org.html был успешно создан.
[log] 2021/04/27 15:06:33 GET-запрос по адресу: 'https://tproger.ru/tag/javascript/' успешен.
[log] 2021/04/27 15:06:33 Файл: resultTest//javascript.html был успешно создан.
[log] 2021/04/27 15:06:33 GET-запрос по адресу: 'https://www.bing.com/' успешен.
[log] 2021/04/27 15:06:33 Файл: resultTest//www.bing.com.html был успешно создан.
[log] 2021/04/27 15:06:33 GET-запрос по адресу: 'https://www.microsoft.com' успешен.
[log] 2021/04/27 15:06:33 Файл: resultTest//www.microsoft.com.html был успешно создан.
[log] 2021/04/27 15:06:33 Время, затраченное на выполнение программы: 766.128025ms
[log] 2021/04/27 15:06:33 Выполнение программы завершено.
---------------------------------------
[log] 2021/04/27 17:25:38 Исходный файл: linksTest.txt.
[log] 2021/04/27 17:25:38 Значения флагов: 
	-url='linksTest.txt'
	-directory='resultTest/'
[log] 2021/04/27 17:25:38 Файл успешно открыт.
[log] 2021/04/27 17:25:38 Данные были успешно считаны.
[log] 2021/04/27 17:25:38 Количество считанных символов: 290.
[log] 2021/04/27 17:25:39 GET-запрос по адресу: 'https://www.google.com/' успешен.
[log] 2021/04/27 17:25:39 Файл: resultTest//www.google.com.html был успешно создан.
[log] 2021/04/27 17:25:39 GET-запрос по адресу: 'http://golang-book.ru/' успешен.
[log] 2021/04/27 17:25:39 Файл: resultTest//golang-book.ru.html был успешно создан.
[log] 2021/04/27 17:25:39 GET-запрос по адресу: 'https://golangs.org/goroutines' успешен.
[log] 2021/04/27 17:25:39 Файл: resultTest//goroutines.html был успешно создан.
[log] 2021/04/27 17:25:39 GET-запрос по адресу: 'https://tour.golang.org/' успешен.
[log] 2021/04/27 17:25:39 Файл: resultTest//tour.golang.org.html был успешно создан.
[log] 2021/04/27 17:25:39 GET-запрос по адресу: 'https://developer.mozilla.org/ru/docs/Learn/JavaScript' успешен.
[log] 2021/04/27 17:25:39 Файл: resultTest//JavaScript.html был успешно создан.
[log] 2021/04/27 17:25:39 GET-запрос по адресу: 'https://golang.org/' успешен.
[log] 2021/04/27 17:25:39 Файл: resultTest//golang.org.html был успешно создан.
[log] 2021/04/27 17:25:40 GET-запрос по адресу: 'https://www.microsoft.com' успешен.
[log] 2021/04/27 17:25:40 Файл: resultTest//www.microsoft.com.html был успешно создан.
[log] 2021/04/27 17:25:40 GET-запрос по адресу: 'https://learn.javascript.ru/' успешен.
[log] 2021/04/27 17:25:40 Файл: resultTest//learn.javascript.ru.html был успешно создан.
[log] 2021/04/27 17:25:40 GET-запрос по адресу: 'https://tproger.ru/tag/javascript/' успешен.
[log] 2021/04/27 17:25:40 Файл: resultTest//javascript.html был успешно создан.
[log] 2021/04/27 17:25:40 GET-запрос по адресу: 'https://www.bing.com/' успешен.
[log] 2021/04/27 17:25:40 Файл: resultTest//www.bing.com.html был успешно создан.
[log] 2021/04/27 17:25:41 Время, затраченное на выполнение программы: 2.482523935s
[log] 2021/04/27 17:25:41 Выполнение программы завершено.
---------------------------------------
